* using log directory ‘/Users/robmarty/Documents/Github/googletraffic/googletraffic.Rcheck’
* using R version 4.2.2 (2022-10-31)
* using platform: aarch64-apple-darwin20 (64-bit)
* using session charset: UTF-8
* using option ‘--as-cran’
* checking for file ‘googletraffic/DESCRIPTION’ ... OK
* this is package ‘googletraffic’ version ‘0.0.0.9000’
* package encoding: UTF-8
* checking CRAN incoming feasibility ... NOTE
Maintainer: ‘Robert Marty <rmarty@worldbank.org>’

New submission

Version contains large components (0.0.0.9000)

License components with restrictions and base license permitting such:
  MIT + file LICENSE
File 'LICENSE':
  MIT License
  
  Copyright (c) 2022 Rob Marty
  
  Permission is hereby granted, free of charge, to any person obtaining a copy
  of this software and associated documentation files (the "Software"), to deal
  in the Software without restriction, including without limitation the rights
  to use, copy, modify, merge, publish, distribute, sublicense, and/or sell
  copies of the Software, and to permit persons to whom the Software is
  furnished to do so, subject to the following conditions:
  
  The above copyright notice and this permission notice shall be included in all
  copies or substantial portions of the Software.
  
  THE SOFTWARE IS PROVIDED "AS IS", WITHOUT WARRANTY OF ANY KIND, EXPRESS OR
  IMPLIED, INCLUDING BUT NOT LIMITED TO THE WARRANTIES OF MERCHANTABILITY,
  FITNESS FOR A PARTICULAR PURPOSE AND NONINFRINGEMENT. IN NO EVENT SHALL THE
  AUTHORS OR COPYRIGHT HOLDERS BE LIABLE FOR ANY CLAIM, DAMAGES OR OTHER
  LIABILITY, WHETHER IN AN ACTION OF CONTRACT, TORT OR OTHERWISE, ARISING FROM,
  OUT OF OR IN CONNECTION WITH THE SOFTWARE OR THE USE OR OTHER DEALINGS IN THE
  SOFTWARE.

Size of tarball: 16653126 bytes
* checking package namespace information ... OK
* checking package dependencies ... OK
* checking if this is a source package ... OK
* checking if there is a namespace ... OK
* checking for executable files ... OK
* checking for hidden files and directories ... NOTE
Found the following hidden files and directories:
  .github
These were most likely included in error. See section ‘Package
structure’ in the ‘Writing R Extensions’ manual.

CRAN-pack does not know about
  .github
* checking for portable file names ... OK
* checking for sufficient/correct file permissions ... OK
* checking serialization versions ... OK
* checking whether package ‘googletraffic’ can be installed ... WARNING
Found the following significant warnings:
  Note: possible error in 'gt_make_raster_from_grid(grid_param_df = grid_param_df, ': unused argument (return_list_of_tiles = return_list_of_tiles) 
  Warning: replacing previous import ‘dplyr::union’ by ‘raster::union’ when loading ‘googletraffic’
  Warning: replacing previous import ‘dplyr::select’ by ‘raster::select’ when loading ‘googletraffic’
  Warning: replacing previous import ‘dplyr::intersect’ by ‘raster::intersect’ when loading ‘googletraffic’
See ‘/Users/robmarty/Documents/Github/googletraffic/googletraffic.Rcheck/00install.out’ for details.
Information on the location(s) of code generating the ‘Note’s can be
obtained by re-running with environment variable R_KEEP_PKG_SOURCE set
to ‘yes’.
* checking installed package size ... OK
* checking package directory ... OK
* checking for future file timestamps ... OK
* checking DESCRIPTION meta-information ... NOTE
Malformed Description field: should contain one or more complete sentences.
* checking top-level files ... NOTE
Non-standard file/directory found at top level:
  ‘make_readme_figures’
* checking for left-over files ... OK
* checking index information ... OK
* checking package subdirectories ... OK
* checking R files for non-ASCII characters ... OK
* checking R files for syntax errors ... OK
* checking whether the package can be loaded ... OK
* checking whether the package can be loaded with stated dependencies ... OK
* checking whether the package can be unloaded cleanly ... OK
* checking whether the namespace can be loaded with stated dependencies ... OK
* checking whether the namespace can be unloaded cleanly ... OK
* checking use of S3 registration ... OK
* checking dependencies in R code ... OK
* checking S3 generic/method consistency ... OK
* checking replacement functions ... OK
* checking foreign function calls ... OK
* checking R code for possible problems ... NOTE
gt_make_grid: no visible binding for global variable ‘Y’
gt_make_grid: no visible binding for global variable ‘Y_abs’
gt_make_grid: no visible binding for global variable ‘X’
gt_make_raster_from_polygon: possible error in
  gt_make_raster_from_grid(grid_param_df = grid_param_df, webshot_delay
  = webshot_delay, google_key = google_key, return_list_of_tiles =
  return_list_of_tiles, print_progress = print_progress): unused
  argument (return_list_of_tiles = return_list_of_tiles)
Undefined global functions or variables:
  X Y Y_abs
* checking Rd files ... OK
* checking Rd metadata ... OK
* checking Rd line widths ... OK
* checking Rd cross-references ... OK
* checking for missing documentation entries ... OK
* checking for code/documentation mismatches ... OK
* checking Rd \usage sections ... OK
* checking Rd contents ... OK
* checking for unstated dependencies in examples ... OK
* checking files in ‘vignettes’ ... WARNING
Files in the 'vignettes' directory but no files in 'inst/doc':
  ‘gadm36_USA_2_sp.rds’, ‘googletraffic-vignette.Rmd’,
    ‘top_example.jpg’
Package has no Sweave vignette sources and no VignetteBuilder field.
* checking examples ... OK
* checking PDF version of manual ... OK
* skipping checking HTML version of manual: ‘tidy’ is Apple's too old build
* checking for non-standard things in the check directory ... OK
* checking for detritus in the temp directory ... OK
* DONE
Status: 2 WARNINGs, 5 NOTEs
