Hmm ... looks like a package
Converting parsed Rd's to LaTeX 
Creating pdf output from LaTeX ...

kpathsea: Running mktexpk --mfmode / --bdpi 600 --mag 1+0/600 --dpi 600 ecsl1000
mktexpk: Running mf-nowin -progname=mf \mode:=ljfour; mag:=1+0/600; nonstopmode; input ecsl1000
This is METAFONT, Version 2.71828182 (TeX Live 2021) (preloaded base=mf)


(/Users/robmarty/Library/TinyTeX/texmf-dist/fonts/source/jknappen/ec/ecsl1000.m
f
(/Users/robmarty/Library/TinyTeX/texmf-dist/fonts/source/jknappen/ec/exbase.mf)
(/Users/robmarty/Library/TinyTeX/texmf-dist/fonts/source/jknappen/ec/ecsl.mf
(/Users/robmarty/Library/TinyTeX/texmf-dist/fonts/source/jknappen/ec/exroman.mf
 Ok
(/Users/robmarty/Library/TinyTeX/texmf-dist/fonts/source/jknappen/ec/exaccess.m
f
 Ok)
(/Users/robmarty/Library/TinyTeX/texmf-dist/fonts/source/jknappen/ec/expseudo.m
f
 Ok)
(/Users/robmarty/Library/TinyTeX/texmf-dist/fonts/source/jknappen/ec/exruwest.m
f
 Ok [192] [193] [194] [195] [196] [197] [198] [199] [200] [201] [202] [203]
[204] [205] [206] [207] [208] [209] [210] [211] [212] [213] [214] [215]
[216] [217] [218] [219] [220] [221] [222] [223])
(/Users/robmarty/Library/TinyTeX/texmf-dist/fonts/source/jknappen/ec/exrlwest.m
f
 Ok [224] [225] [226] [227] [228] [229] [230] [231] [232] [233] [234] [235]
[236] [237] [238] [239] [240] [241] [242] [243] [244] [245] [246] [247]
[248] [249] [250] [251] [252] [253] [254] [255])
(/Users/robmarty/Library/TinyTeX/texmf-dist/fonts/source/jknappen/ec/exrueast.m
f
 Ok [128] [129] [130] [131] [132] [133] [134] [135] [136] [137] [138] [139]
[140] [141] [142] [143] [144] [145] [146] [147] [148] [149] [150] [151]
[152] [153] [154] [155] [156] [157])
(/Users/robmarty/Library/TinyTeX/texmf-dist/fonts/source/jknappen/ec/exrleast.m
f
 Ok [158] [160] [161] [162] [163] [164] [165] [166] [167] [168] [169] [170]
[171] [172] [173] [174] [175] [176] [177] [178] [179] [180] [181] [182]
[183] [184] [185] [186] [187] [188])
(/Users/robmarty/Library/TinyTeX/texmf-dist/fonts/source/jknappen/ec/exbraces.m
f
 Ok [94] [126] [23] [40] [41] [60] [124] [62] [91] [93] [92] [123] [125]
[95] [127] [32])
(/Users/robmarty/Library/TinyTeX/texmf-dist/fonts/source/jknappen/ec/expunct.mf
 Ok [14] [15] [19] [20] [13] [18] [33] [39] [42] [43] [44] [46] [47] [58]
[59] [61] [96] [189] [17] [45] [16] [21] [22])
(/Users/robmarty/Library/TinyTeX/texmf-dist/fonts/source/jknappen/ec/exaccent.m
f
 Ok [0] [1] [2] [3] [4] [5] [6] [7] [8] [9] [10] [11] [12])
(/Users/robmarty/Library/TinyTeX/texmf-dist/fonts/source/jknappen/ec/exsign.mf
 Ok [24] [34] [35] [36] [37] [64] [191] [159])
(/Users/robmarty/Library/TinyTeX/texmf-dist/fonts/source/jknappen/ec/exrlig.mf
 Ok [25] [26] [28] [27] [29] [30] [31])
(/Users/robmarty/Library/TinyTeX/texmf-dist/fonts/source/jknappen/ec/exromp.mf
 Ok [38] [63] [190])
(/Users/robmarty/Library/TinyTeX/texmf-dist/fonts/source/jknappen/ec/exrulett.m
f
 Ok [65] [66] [67] [68] [69] [70] [71] [72] [73] [74] [75] [76] [77] [78]
[79] [80] [81] [82] [83] [84] [85] [86] [87] [88] [89] [90])
(/Users/robmarty/Library/TinyTeX/texmf-dist/fonts/source/jknappen/ec/exrllett.m
f
 Ok [97] [98] [99] [100] [101] [102] [103] [104] [105] [106] [107] [108]
[109] [110] [111] [112] [113] [114] [115] [116] [117] [118] [119] [120]
[121] [122])
(/Users/robmarty/Library/TinyTeX/texmf-dist/fonts/source/jknappen/ec/exrdigit.m
f
 Ok [48] [49] [50] [51] [52] [53] [54] [55] [56] [57])
(/Users/robmarty/Library/TinyTeX/texmf-dist/fonts/source/jknappen/ec/exrligtb.m
f
 Ok) ) ) )
(some charht values had to be adjusted by as much as 0.06586pt)
Font metrics written on ecsl1000.tfm.
Output written on ecsl1000.600gf (256 characters, 51132 bytes).
Transcript written on ecsl1000.log.
mktexpk: /Users/robmarty/Library/TinyTeX/texmf-var/fonts/pk/ljfour/jknappen/ec/ecsl1000.600pk: successfully generated.

kpathsea: Running mktexpk --mfmode / --bdpi 600 --mag 1+0/600 --dpi 600 ecti1000
mktexpk: Running mf-nowin -progname=mf \mode:=ljfour; mag:=1+0/600; nonstopmode; input ecti1000
This is METAFONT, Version 2.71828182 (TeX Live 2021) (preloaded base=mf)


(/Users/robmarty/Library/TinyTeX/texmf-dist/fonts/source/jknappen/ec/ecti1000.m
f
(/Users/robmarty/Library/TinyTeX/texmf-dist/fonts/source/jknappen/ec/exbase.mf)
(/Users/robmarty/Library/TinyTeX/texmf-dist/fonts/source/jknappen/ec/ecti.mf
(/Users/robmarty/Library/TinyTeX/texmf-dist/fonts/source/jknappen/ec/extextit.m
f
 Ok
(/Users/robmarty/Library/TinyTeX/texmf-dist/fonts/source/jknappen/ec/exaccess.m
f
 Ok)
(/Users/robmarty/Library/TinyTeX/texmf-dist/fonts/source/jknappen/ec/expseudo.m
f
 Ok)
(/Users/robmarty/Library/TinyTeX/texmf-dist/fonts/source/jknappen/ec/exileast.m
f
 Ok [158] [160] [161] [162] [163] [164] [165] [166] [167] [168] [169] [170]
[171] [172] [173] [174] [175] [176] [177] [178] [179] [180] [181] [182]
[183] [184] [185] [186] [187] [188])
(/Users/robmarty/Library/TinyTeX/texmf-dist/fonts/source/jknappen/ec/exilwest.m
f
 Ok [224] [225] [226] [227] [228] [229] [230] [231] [232] [233] [234] [235]
[236] [237] [238] [239] [240] [241] [242] [243] [244] [245] [246] [247]
[248] [249] [250] [251] [252] [253] [254] [255])
(/Users/robmarty/Library/TinyTeX/texmf-dist/fonts/source/jknappen/ec/exruwest.m
f
 Ok [192] [193] [194] [195] [196] [197] [198] [199] [200] [201] [202] [203]
[204] [205] [206] [207] [208] [209] [210] [211] [212] [213] [214] [215]
[216] [217] [218] [219] [220] [221] [222] [223])
(/Users/robmarty/Library/TinyTeX/texmf-dist/fonts/source/jknappen/ec/exrueast.m
f
 Ok [128] [129] [130] [131] [132] [133] [134] [135] [136] [137] [138] [139]
[140] [141] [142] [143] [144] [145] [146] [147] [148] [149] [150] [151]
[152] [153] [154] [155] [156] [157])
(/Users/robmarty/Library/TinyTeX/texmf-dist/fonts/source/jknappen/ec/exbraces.m
f
 Ok [94] [126] [23] [40] [41] [60] [124] [62] [91] [93] [92] [123] [125]
[95] [127] [32])
(/Users/robmarty/Library/TinyTeX/texmf-dist/fonts/source/jknappen/ec/expunct.mf
 Ok [14] [15] [19] [20] [13] [18] [33] [39] [42] [43] [44] [46] [47] [58]
[59] [61] [96] [189] [17] [45] [16] [21] [22])
(/Users/robmarty/Library/TinyTeX/texmf-dist/fonts/source/jknappen/ec/exaccent.m
f
 Ok [0] [1] [2] [3] [4] [5] [6] [7] [8] [9] [10] [11] [12])
(/Users/robmarty/Library/TinyTeX/texmf-dist/fonts/source/jknappen/ec/exsign.mf
 Ok [24] [34] [35] [36] [37] [64] [191] [159])
(/Users/robmarty/Library/TinyTeX/texmf-dist/fonts/source/jknappen/ec/exilig.mf
 Ok [25] [26] [27] [28] [29] [30] [31])
(/Users/robmarty/Library/TinyTeX/texmf-dist/fonts/source/jknappen/ec/exitalp.mf
 Ok [38] [63] [190])
(/Users/robmarty/Library/TinyTeX/texmf-dist/fonts/source/jknappen/ec/exrulett.m
f
 Ok [65] [66] [67] [68] [69] [70] [71] [72] [73] [74] [75] [76] [77] [78]
[79] [80] [81] [82] [83] [84] [85] [86] [87] [88] [89] [90])
(/Users/robmarty/Library/TinyTeX/texmf-dist/fonts/source/jknappen/ec/exillett.m
f
 Ok [97] [98] [99] [100] [101] [102] [103] [104] [105] [106] [107] [108]
[109] [110] [111] [112] [113] [114] [115] [116] [117] [118] [119] [120]
[121] [122])
(/Users/robmarty/Library/TinyTeX/texmf-dist/fonts/source/jknappen/ec/exidigit.m
f
 Ok [48] [49] [50] [51] [52] [53] [54] [55] [56] [57])
(/Users/robmarty/Library/TinyTeX/texmf-dist/fonts/source/jknappen/ec/exiligtb.m
f
 Ok) ) ) )
Font metrics written on ecti1000.tfm.
Output written on ecti1000.600gf (256 characters, 53420 bytes).
Transcript written on ecti1000.log.
mktexpk: /Users/robmarty/Library/TinyTeX/texmf-var/fonts/pk/ljfour/jknappen/ec/ecti1000.600pk: successfully generated.

kpathsea: Running mktexpk --mfmode / --bdpi 600 --mag 1+0/600 --dpi 600 ecbx1440
mktexpk: Running mf-nowin -progname=mf \mode:=ljfour; mag:=1+0/600; nonstopmode; input ecbx1440
This is METAFONT, Version 2.71828182 (TeX Live 2021) (preloaded base=mf)


(/Users/robmarty/Library/TinyTeX/texmf-dist/fonts/source/jknappen/ec/ecbx1440.m
f
(/Users/robmarty/Library/TinyTeX/texmf-dist/fonts/source/jknappen/ec/exbase.mf)
(/Users/robmarty/Library/TinyTeX/texmf-dist/fonts/source/jknappen/ec/ecbx.mf
(/Users/robmarty/Library/TinyTeX/texmf-dist/fonts/source/jknappen/ec/exroman.mf
 Ok
(/Users/robmarty/Library/TinyTeX/texmf-dist/fonts/source/jknappen/ec/exaccess.m
f
 Ok)
(/Users/robmarty/Library/TinyTeX/texmf-dist/fonts/source/jknappen/ec/expseudo.m
f
 Ok)
(/Users/robmarty/Library/TinyTeX/texmf-dist/fonts/source/jknappen/ec/exruwest.m
f
 Ok [192] [193] [194] [195] [196] [197] [198] [199] [200] [201] [202] [203]
[204] [205] [206] [207] [208] [209] [210] [211] [212] [213] [214] [215]
[216] [217] [218] [219] [220] [221] [222] [223])
(/Users/robmarty/Library/TinyTeX/texmf-dist/fonts/source/jknappen/ec/exrlwest.m
f
 Ok [224] [225] [226] [227] [228] [229] [230] [231] [232] [233] [234] [235]
[236] [237] [238] [239] [240] [241] [242] [243] [244] [245] [246] [247]
[248] [249] [250] [251] [252] [253] [254] [255])
(/Users/robmarty/Library/TinyTeX/texmf-dist/fonts/source/jknappen/ec/exrueast.m
f
 Ok [128] [129] [130] [131] [132] [133] [134] [135] [136] [137] [138] [139]
[140] [141] [142] [143] [144] [145] [146] [147] [148] [149] [150] [151]
[152] [153] [154] [155] [156] [157])
(/Users/robmarty/Library/TinyTeX/texmf-dist/fonts/source/jknappen/ec/exrleast.m
f
 Ok [158] [160] [161] [162] [163] [164] [165] [166] [167] [168] [169] [170]
[171] [172] [173] [174] [175] [176] [177] [178] [179] [180] [181] [182]
[183] [184] [185] [186] [187] [188])
(/Users/robmarty/Library/TinyTeX/texmf-dist/fonts/source/jknappen/ec/exbraces.m
f
 Ok [94] [126] [23] [40] [41] [60] [124] [62] [91] [93] [92] [123] [125]
[95] [127] [32])
(/Users/robmarty/Library/TinyTeX/texmf-dist/fonts/source/jknappen/ec/expunct.mf
 Ok [14] [15] [19] [20] [13] [18] [33] [39] [42] [43] [44] [46] [47] [58]
[59] [61] [96] [189] [17] [45] [16] [21] [22])
(/Users/robmarty/Library/TinyTeX/texmf-dist/fonts/source/jknappen/ec/exaccent.m
f
 Ok [0] [1] [2] [3] [4] [5] [6] [7] [8] [9] [10] [11] [12])
(/Users/robmarty/Library/TinyTeX/texmf-dist/fonts/source/jknappen/ec/exsign.mf
 Ok [24] [34] [35] [36] [37] [64] [191] [159])
(/Users/robmarty/Library/TinyTeX/texmf-dist/fonts/source/jknappen/ec/exrlig.mf
 Ok [25] [26] [28] [27] [29] [30] [31])
(/Users/robmarty/Library/TinyTeX/texmf-dist/fonts/source/jknappen/ec/exromp.mf
 Ok [38] [63] [190])
(/Users/robmarty/Library/TinyTeX/texmf-dist/fonts/source/jknappen/ec/exrulett.m
f
 Ok [65] [66] [67] [68] [69] [70] [71] [72] [73] [74] [75] [76] [77] [78]
[79] [80] [81] [82] [83] [84] [85] [86] [87] [88] [89] [90])
(/Users/robmarty/Library/TinyTeX/texmf-dist/fonts/source/jknappen/ec/exrllett.m
f
 Ok [97] [98] [99] [100] [101] [102] [103] [104] [105] [106] [107] [108]
[109] [110] [111] [112] [113] [114] [115] [116] [117] [118] [119] [120]
[121] [122])
(/Users/robmarty/Library/TinyTeX/texmf-dist/fonts/source/jknappen/ec/exrdigit.m
f
 Ok [48] [49] [50] [51] [52] [53] [54] [55] [56] [57])
(/Users/robmarty/Library/TinyTeX/texmf-dist/fonts/source/jknappen/ec/exrligtb.m
f
 Ok) ) ) )
(some charht values had to be adjusted by as much as 0.10997pt)
Font metrics written on ecbx1440.tfm.
Output written on ecbx1440.600gf (256 characters, 70764 bytes).
Transcript written on ecbx1440.log.
mktexpk: /Users/robmarty/Library/TinyTeX/texmf-var/fonts/pk/ljfour/jknappen/ec/ecbx1440.600pk: successfully generated.

kpathsea: Running mktexpk --mfmode / --bdpi 600 --mag 1+0/600 --dpi 600 ecss1440
mktexpk: Running mf-nowin -progname=mf \mode:=ljfour; mag:=1+0/600; nonstopmode; input ecss1440
This is METAFONT, Version 2.71828182 (TeX Live 2021) (preloaded base=mf)


(/Users/robmarty/Library/TinyTeX/texmf-dist/fonts/source/jknappen/ec/ecss1440.m
f
(/Users/robmarty/Library/TinyTeX/texmf-dist/fonts/source/jknappen/ec/exbase.mf)
(/Users/robmarty/Library/TinyTeX/texmf-dist/fonts/source/jknappen/ec/ecss.mf
(/Users/robmarty/Library/TinyTeX/texmf-dist/fonts/source/jknappen/ec/exroman.mf
 Ok
(/Users/robmarty/Library/TinyTeX/texmf-dist/fonts/source/jknappen/ec/exaccess.m
f
 Ok)
(/Users/robmarty/Library/TinyTeX/texmf-dist/fonts/source/jknappen/ec/expseudo.m
f
 Ok)
(/Users/robmarty/Library/TinyTeX/texmf-dist/fonts/source/jknappen/ec/exruwest.m
f
 Ok [192] [193] [194] [195] [196] [197] [198] [199] [200] [201] [202] [203]
[204] [205] [206] [207] [208] [209] [210] [211] [212] [213] [214] [215]
[216] [217] [218] [219] [220] [221] [222] [223])
(/Users/robmarty/Library/TinyTeX/texmf-dist/fonts/source/jknappen/ec/exrlwest.m
f
 Ok [224] [225] [226] [227] [228] [229] [230] [231] [232] [233] [234] [235]
[236] [237] [238] [239] [240] [241] [242] [243] [244] [245] [246] [247]
[248] [249] [250] [251] [252] [253] [254] [255])
(/Users/robmarty/Library/TinyTeX/texmf-dist/fonts/source/jknappen/ec/exrueast.m
f
 Ok [128] [129] [130] [131] [132] [133] [134] [135] [136] [137] [138] [139]
[140] [141] [142] [143] [144] [145] [146] [147] [148] [149] [150] [151]
[152] [153] [154] [155] [156] [157])
(/Users/robmarty/Library/TinyTeX/texmf-dist/fonts/source/jknappen/ec/exrleast.m
f
 Ok [158] [160] [161] [162] [163] [164] [165] [166] [167] [168] [169] [170]
[171] [172] [173] [174] [175] [176] [177] [178] [179] [180] [181] [182]
[183] [184] [185] [186] [187] [188])
(/Users/robmarty/Library/TinyTeX/texmf-dist/fonts/source/jknappen/ec/exbraces.m
f
 Ok [94] [126] [23] [40] [41] [60] [124] [62] [91] [93] [92] [123] [125]
[95] [127] [32])
(/Users/robmarty/Library/TinyTeX/texmf-dist/fonts/source/jknappen/ec/expunct.mf
 Ok [14] [15] [19] [20] [13] [18] [33] [39] [42] [43] [44] [46] [47] [58]
[59] [61] [96] [189] [17] [45] [16] [21] [22])
(/Users/robmarty/Library/TinyTeX/texmf-dist/fonts/source/jknappen/ec/exaccent.m
f
 Ok [0] [1] [2] [3] [4] [5] [6] [7] [8] [9] [10] [11] [12])
(/Users/robmarty/Library/TinyTeX/texmf-dist/fonts/source/jknappen/ec/exsign.mf
 Ok [24] [34] [35] [36] [37] [64] [191] [159])
(/Users/robmarty/Library/TinyTeX/texmf-dist/fonts/source/jknappen/ec/exrlig.mf
 Ok [25] [26] [28] [27] [29] [30] [31])
(/Users/robmarty/Library/TinyTeX/texmf-dist/fonts/source/jknappen/ec/exromp.mf
 Ok [38] [63] [190])
(/Users/robmarty/Library/TinyTeX/texmf-dist/fonts/source/jknappen/ec/exrulett.m
f
 Ok [65] [66] [67] [68] [69] [70] [71] [72] [73] [74] [75] [76] [77] [78]
[79] [80] [81] [82] [83] [84] [85] [86] [87] [88] [89] [90])
(/Users/robmarty/Library/TinyTeX/texmf-dist/fonts/source/jknappen/ec/exrllett.m
f
 Ok [97] [98] [99] [100] [101] [102] [103] [104] [105] [106] [107] [108]
[109] [110] [111] [112] [113] [114] [115] [116] [117] [118] [119] [120]
[121] [122])
(/Users/robmarty/Library/TinyTeX/texmf-dist/fonts/source/jknappen/ec/exrdigit.m
f
 Ok [48] [49] [50] [51] [52] [53] [54] [55] [56] [57])
(/Users/robmarty/Library/TinyTeX/texmf-dist/fonts/source/jknappen/ec/exrligtb.m
f
 Ok) ) ) )
(some charht values had to be adjusted by as much as 0.07431pt)
Font metrics written on ecss1440.tfm.
Output written on ecss1440.600gf (256 characters, 63360 bytes).
Transcript written on ecss1440.log.
mktexpk: /Users/robmarty/Library/TinyTeX/texmf-var/fonts/pk/ljfour/jknappen/ec/ecss1440.600pk: successfully generated.

kpathsea: Running mktexpk --mfmode / --bdpi 600 --mag 1+0/600 --dpi 600 ecrm1000
mktexpk: Running mf-nowin -progname=mf \mode:=ljfour; mag:=1+0/600; nonstopmode; input ecrm1000
This is METAFONT, Version 2.71828182 (TeX Live 2021) (preloaded base=mf)


(/Users/robmarty/Library/TinyTeX/texmf-dist/fonts/source/jknappen/ec/ecrm1000.m
f
(/Users/robmarty/Library/TinyTeX/texmf-dist/fonts/source/jknappen/ec/exbase.mf)
(/Users/robmarty/Library/TinyTeX/texmf-dist/fonts/source/jknappen/ec/ecrm.mf
(/Users/robmarty/Library/TinyTeX/texmf-dist/fonts/source/jknappen/ec/exroman.mf
 Ok
(/Users/robmarty/Library/TinyTeX/texmf-dist/fonts/source/jknappen/ec/exaccess.m
f
 Ok)
(/Users/robmarty/Library/TinyTeX/texmf-dist/fonts/source/jknappen/ec/expseudo.m
f
 Ok)
(/Users/robmarty/Library/TinyTeX/texmf-dist/fonts/source/jknappen/ec/exruwest.m
f
 Ok [192] [193] [194] [195] [196] [197] [198] [199] [200] [201] [202] [203]
[204] [205] [206] [207] [208] [209] [210] [211] [212] [213] [214] [215]
[216] [217] [218] [219] [220] [221] [222] [223])
(/Users/robmarty/Library/TinyTeX/texmf-dist/fonts/source/jknappen/ec/exrlwest.m
f
 Ok [224] [225] [226] [227] [228] [229] [230] [231] [232] [233] [234] [235]
[236] [237] [238] [239] [240] [241] [242] [243] [244] [245] [246] [247]
[248] [249] [250] [251] [252] [253] [254] [255])
(/Users/robmarty/Library/TinyTeX/texmf-dist/fonts/source/jknappen/ec/exrueast.m
f
 Ok [128] [129] [130] [131] [132] [133] [134] [135] [136] [137] [138] [139]
[140] [141] [142] [143] [144] [145] [146] [147] [148] [149] [150] [151]
[152] [153] [154] [155] [156] [157])
(/Users/robmarty/Library/TinyTeX/texmf-dist/fonts/source/jknappen/ec/exrleast.m
f
 Ok [158] [160] [161] [162] [163] [164] [165] [166] [167] [168] [169] [170]
[171] [172] [173] [174] [175] [176] [177] [178] [179] [180] [181] [182]
[183] [184] [185] [186] [187] [188])
(/Users/robmarty/Library/TinyTeX/texmf-dist/fonts/source/jknappen/ec/exbraces.m
f
 Ok [94] [126] [23] [40] [41] [60] [124] [62] [91] [93] [92] [123] [125]
[95] [127] [32])
(/Users/robmarty/Library/TinyTeX/texmf-dist/fonts/source/jknappen/ec/expunct.mf
 Ok [14] [15] [19] [20] [13] [18] [33] [39] [42] [43] [44] [46] [47] [58]
[59] [61] [96] [189] [17] [45] [16] [21] [22])
(/Users/robmarty/Library/TinyTeX/texmf-dist/fonts/source/jknappen/ec/exaccent.m
f
 Ok [0] [1] [2] [3] [4] [5] [6] [7] [8] [9] [10] [11] [12])
(/Users/robmarty/Library/TinyTeX/texmf-dist/fonts/source/jknappen/ec/exsign.mf
 Ok [24] [34] [35] [36] [37] [64] [191] [159])
(/Users/robmarty/Library/TinyTeX/texmf-dist/fonts/source/jknappen/ec/exrlig.mf
 Ok [25] [26] [28] [27] [29] [30] [31])
(/Users/robmarty/Library/TinyTeX/texmf-dist/fonts/source/jknappen/ec/exromp.mf
 Ok [38] [63] [190])
(/Users/robmarty/Library/TinyTeX/texmf-dist/fonts/source/jknappen/ec/exrulett.m
f
 Ok [65] [66] [67] [68] [69] [70] [71] [72] [73] [74] [75] [76] [77] [78]
[79] [80] [81] [82] [83] [84] [85] [86] [87] [88] [89] [90])
(/Users/robmarty/Library/TinyTeX/texmf-dist/fonts/source/jknappen/ec/exrllett.m
f
 Ok [97] [98] [99] [100] [101] [102] [103] [104] [105] [106] [107] [108]
[109] [110] [111] [112] [113] [114] [115] [116] [117] [118] [119] [120]
[121] [122])
(/Users/robmarty/Library/TinyTeX/texmf-dist/fonts/source/jknappen/ec/exrdigit.m
f
 Ok [48] [49] [50] [51] [52] [53] [54] [55] [56] [57])
(/Users/robmarty/Library/TinyTeX/texmf-dist/fonts/source/jknappen/ec/exrligtb.m
f
 Ok) ) ) )
(some charht values had to be adjusted by as much as 0.06586pt)
Font metrics written on ecrm1000.tfm.
Output written on ecrm1000.600gf (256 characters, 51184 bytes).
Transcript written on ecrm1000.log.
mktexpk: /Users/robmarty/Library/TinyTeX/texmf-var/fonts/pk/ljfour/jknappen/ec/ecrm1000.600pk: successfully generated.

kpathsea: Running mktexpk --mfmode / --bdpi 600 --mag 1+0/600 --dpi 600 ecbx1000
mktexpk: Running mf-nowin -progname=mf \mode:=ljfour; mag:=1+0/600; nonstopmode; input ecbx1000
This is METAFONT, Version 2.71828182 (TeX Live 2021) (preloaded base=mf)


(/Users/robmarty/Library/TinyTeX/texmf-dist/fonts/source/jknappen/ec/ecbx1000.m
f
(/Users/robmarty/Library/TinyTeX/texmf-dist/fonts/source/jknappen/ec/exbase.mf)
(/Users/robmarty/Library/TinyTeX/texmf-dist/fonts/source/jknappen/ec/ecbx.mf
(/Users/robmarty/Library/TinyTeX/texmf-dist/fonts/source/jknappen/ec/exroman.mf
 Ok
(/Users/robmarty/Library/TinyTeX/texmf-dist/fonts/source/jknappen/ec/exaccess.m
f
 Ok)
(/Users/robmarty/Library/TinyTeX/texmf-dist/fonts/source/jknappen/ec/expseudo.m
f
 Ok)
(/Users/robmarty/Library/TinyTeX/texmf-dist/fonts/source/jknappen/ec/exruwest.m
f
 Ok [192] [193] [194] [195] [196] [197] [198] [199] [200] [201] [202] [203]
[204] [205] [206] [207] [208] [209] [210] [211] [212] [213] [214] [215]
[216] [217] [218] [219] [220] [221] [222] [223])
(/Users/robmarty/Library/TinyTeX/texmf-dist/fonts/source/jknappen/ec/exrlwest.m
f
 Ok [224] [225] [226] [227] [228] [229] [230] [231] [232] [233] [234] [235]
[236] [237] [238] [239] [240] [241] [242] [243] [244] [245] [246] [247]
[248] [249] [250] [251] [252] [253] [254] [255])
(/Users/robmarty/Library/TinyTeX/texmf-dist/fonts/source/jknappen/ec/exrueast.m
f
 Ok [128] [129] [130] [131] [132] [133] [134] [135] [136] [137] [138] [139]
[140] [141] [142] [143] [144] [145] [146] [147] [148] [149] [150] [151]
[152] [153] [154] [155] [156] [157])
(/Users/robmarty/Library/TinyTeX/texmf-dist/fonts/source/jknappen/ec/exrleast.m
f
 Ok [158] [160] [161] [162] [163] [164] [165] [166] [167] [168] [169] [170]
[171] [172] [173] [174] [175] [176] [177] [178] [179] [180] [181] [182]
[183] [184] [185] [186] [187] [188])
(/Users/robmarty/Library/TinyTeX/texmf-dist/fonts/source/jknappen/ec/exbraces.m
f
 Ok [94] [126] [23] [40] [41] [60] [124] [62] [91] [93] [92] [123] [125]
[95] [127] [32])
(/Users/robmarty/Library/TinyTeX/texmf-dist/fonts/source/jknappen/ec/expunct.mf
 Ok [14] [15] [19] [20] [13] [18] [33] [39] [42] [43] [44] [46] [47] [58]
[59] [61] [96] [189] [17] [45] [16] [21] [22])
(/Users/robmarty/Library/TinyTeX/texmf-dist/fonts/source/jknappen/ec/exaccent.m
f
 Ok [0] [1] [2] [3] [4] [5] [6] [7] [8] [9] [10] [11] [12])
(/Users/robmarty/Library/TinyTeX/texmf-dist/fonts/source/jknappen/ec/exsign.mf
 Ok [24] [34] [35] [36] [37] [64] [191] [159])
(/Users/robmarty/Library/TinyTeX/texmf-dist/fonts/source/jknappen/ec/exrlig.mf
 Ok [25] [26] [28] [27] [29] [30] [31])
(/Users/robmarty/Library/TinyTeX/texmf-dist/fonts/source/jknappen/ec/exromp.mf
 Ok [38] [63] [190])
(/Users/robmarty/Library/TinyTeX/texmf-dist/fonts/source/jknappen/ec/exrulett.m
f
 Ok [65] [66] [67] [68] [69] [70] [71] [72] [73] [74] [75] [76] [77] [78]
[79] [80] [81] [82] [83] [84] [85] [86] [87] [88] [89] [90])
(/Users/robmarty/Library/TinyTeX/texmf-dist/fonts/source/jknappen/ec/exrllett.m
f
 Ok [97] [98] [99] [100] [101] [102] [103] [104] [105] [106] [107] [108]
[109] [110] [111] [112] [113] [114] [115] [116] [117] [118] [119] [120]
[121] [122])
(/Users/robmarty/Library/TinyTeX/texmf-dist/fonts/source/jknappen/ec/exrdigit.m
f
 Ok [48] [49] [50] [51] [52] [53] [54] [55] [56] [57])
(/Users/robmarty/Library/TinyTeX/texmf-dist/fonts/source/jknappen/ec/exrligtb.m
f
 Ok) ) ) )
Font metrics written on ecbx1000.tfm.
Output written on ecbx1000.600gf (256 characters, 49864 bytes).
Transcript written on ecbx1000.log.
mktexpk: /Users/robmarty/Library/TinyTeX/texmf-var/fonts/pk/ljfour/jknappen/ec/ecbx1000.600pk: successfully generated.

kpathsea: Running mktexpk --mfmode / --bdpi 600 --mag 1+0/600 --dpi 600 ecrm1200
mktexpk: Running mf-nowin -progname=mf \mode:=ljfour; mag:=1+0/600; nonstopmode; input ecrm1200
This is METAFONT, Version 2.71828182 (TeX Live 2021) (preloaded base=mf)


(/Users/robmarty/Library/TinyTeX/texmf-dist/fonts/source/jknappen/ec/ecrm1200.m
f
(/Users/robmarty/Library/TinyTeX/texmf-dist/fonts/source/jknappen/ec/exbase.mf)
(/Users/robmarty/Library/TinyTeX/texmf-dist/fonts/source/jknappen/ec/ecrm.mf
(/Users/robmarty/Library/TinyTeX/texmf-dist/fonts/source/jknappen/ec/exroman.mf
 Ok
(/Users/robmarty/Library/TinyTeX/texmf-dist/fonts/source/jknappen/ec/exaccess.m
f
 Ok)
(/Users/robmarty/Library/TinyTeX/texmf-dist/fonts/source/jknappen/ec/expseudo.m
f
 Ok)
(/Users/robmarty/Library/TinyTeX/texmf-dist/fonts/source/jknappen/ec/exruwest.m
f
 Ok [192] [193] [194] [195] [196] [197] [198] [199] [200] [201] [202] [203]
[204] [205] [206] [207] [208] [209] [210] [211] [212] [213] [214] [215]
[216] [217] [218] [219] [220] [221] [222] [223])
(/Users/robmarty/Library/TinyTeX/texmf-dist/fonts/source/jknappen/ec/exrlwest.m
f
 Ok [224] [225] [226] [227] [228] [229] [230] [231] [232] [233] [234] [235]
[236] [237] [238] [239] [240] [241] [242] [243] [244] [245] [246] [247]
[248] [249] [250] [251] [252] [253] [254] [255])
(/Users/robmarty/Library/TinyTeX/texmf-dist/fonts/source/jknappen/ec/exrueast.m
f
 Ok [128] [129] [130] [131] [132] [133] [134] [135] [136] [137] [138] [139]
[140] [141] [142] [143] [144] [145] [146] [147] [148] [149] [150] [151]
[152] [153] [154] [155] [156] [157])
(/Users/robmarty/Library/TinyTeX/texmf-dist/fonts/source/jknappen/ec/exrleast.m
f
 Ok [158] [160] [161] [162] [163] [164] [165] [166] [167] [168] [169] [170]
[171] [172] [173] [174] [175] [176] [177] [178] [179] [180] [181] [182]
[183] [184] [185] [186] [187] [188])
(/Users/robmarty/Library/TinyTeX/texmf-dist/fonts/source/jknappen/ec/exbraces.m
f
 Ok [94] [126] [23] [40] [41] [60] [124] [62] [91] [93] [92] [123] [125]
[95] [127] [32])
(/Users/robmarty/Library/TinyTeX/texmf-dist/fonts/source/jknappen/ec/expunct.mf
 Ok [14] [15] [19] [20] [13] [18] [33] [39] [42] [43] [44] [46] [47] [58]
[59] [61] [96] [189] [17] [45] [16] [21] [22])
(/Users/robmarty/Library/TinyTeX/texmf-dist/fonts/source/jknappen/ec/exaccent.m
f
 Ok [0] [1] [2] [3] [4] [5] [6] [7] [8] [9] [10] [11] [12])
(/Users/robmarty/Library/TinyTeX/texmf-dist/fonts/source/jknappen/ec/exsign.mf
 Ok [24] [34] [35] [36] [37] [64] [191] [159])
(/Users/robmarty/Library/TinyTeX/texmf-dist/fonts/source/jknappen/ec/exrlig.mf
 Ok [25] [26] [28] [27] [29] [30] [31])
(/Users/robmarty/Library/TinyTeX/texmf-dist/fonts/source/jknappen/ec/exromp.mf
 Ok [38] [63] [190])
(/Users/robmarty/Library/TinyTeX/texmf-dist/fonts/source/jknappen/ec/exrulett.m
f
 Ok [65] [66] [67] [68] [69] [70] [71] [72] [73] [74] [75] [76] [77] [78]
[79] [80] [81] [82] [83] [84] [85] [86] [87] [88] [89] [90])
(/Users/robmarty/Library/TinyTeX/texmf-dist/fonts/source/jknappen/ec/exrllett.m
f
 Ok [97] [98] [99] [100] [101] [102] [103] [104] [105] [106] [107] [108]
[109] [110] [111] [112] [113] [114] [115] [116] [117] [118] [119] [120]
[121] [122])
(/Users/robmarty/Library/TinyTeX/texmf-dist/fonts/source/jknappen/ec/exrdigit.m
f
 Ok [48] [49] [50] [51] [52] [53] [54] [55] [56] [57])
(/Users/robmarty/Library/TinyTeX/texmf-dist/fonts/source/jknappen/ec/exrligtb.m
f
 Ok) ) ) )
(some charht values had to be adjusted by as much as 0.07143pt)
Font metrics written on ecrm1200.tfm.
Output written on ecrm1200.600gf (256 characters, 60320 bytes).
Transcript written on ecrm1200.log.
mktexpk: /Users/robmarty/Library/TinyTeX/texmf-var/fonts/pk/ljfour/jknappen/ec/ecrm1200.600pk: successfully generated.

kpathsea: Running mktexpk --mfmode / --bdpi 600 --mag 1+0/600 --dpi 600 ecbx2074
mktexpk: Running mf-nowin -progname=mf \mode:=ljfour; mag:=1+0/600; nonstopmode; input ecbx2074
This is METAFONT, Version 2.71828182 (TeX Live 2021) (preloaded base=mf)


(/Users/robmarty/Library/TinyTeX/texmf-dist/fonts/source/jknappen/ec/ecbx2074.m
f
(/Users/robmarty/Library/TinyTeX/texmf-dist/fonts/source/jknappen/ec/exbase.mf)
(/Users/robmarty/Library/TinyTeX/texmf-dist/fonts/source/jknappen/ec/ecbx.mf
(/Users/robmarty/Library/TinyTeX/texmf-dist/fonts/source/jknappen/ec/exroman.mf
 Ok
(/Users/robmarty/Library/TinyTeX/texmf-dist/fonts/source/jknappen/ec/exaccess.m
f
 Ok)
(/Users/robmarty/Library/TinyTeX/texmf-dist/fonts/source/jknappen/ec/expseudo.m
f
 Ok)
(/Users/robmarty/Library/TinyTeX/texmf-dist/fonts/source/jknappen/ec/exruwest.m
f
 Ok [192] [193] [194] [195] [196] [197] [198] [199] [200] [201] [202] [203]
[204] [205] [206] [207] [208] [209] [210] [211] [212] [213] [214] [215]
[216] [217] [218] [219] [220] [221] [222] [223])
(/Users/robmarty/Library/TinyTeX/texmf-dist/fonts/source/jknappen/ec/exrlwest.m
f
 Ok [224] [225] [226] [227] [228] [229] [230] [231] [232] [233] [234] [235]
[236] [237] [238] [239] [240] [241] [242] [243] [244] [245] [246] [247]
[248] [249] [250] [251] [252] [253] [254] [255])
(/Users/robmarty/Library/TinyTeX/texmf-dist/fonts/source/jknappen/ec/exrueast.m
f
 Ok [128] [129] [130] [131] [132] [133] [134] [135] [136] [137] [138] [139]
[140] [141] [142] [143] [144] [145] [146] [147] [148] [149] [150] [151]
[152] [153] [154] [155] [156] [157])
(/Users/robmarty/Library/TinyTeX/texmf-dist/fonts/source/jknappen/ec/exrleast.m
f
 Ok [158] [160] [161] [162] [163] [164] [165] [166] [167] [168] [169] [170]
[171] [172] [173] [174] [175] [176] [177] [178] [179] [180] [181] [182]
[183] [184] [185] [186] [187] [188])
(/Users/robmarty/Library/TinyTeX/texmf-dist/fonts/source/jknappen/ec/exbraces.m
f
 Ok [94] [126] [23] [40] [41] [60] [124] [62] [91] [93] [92] [123] [125]
[95] [127] [32])
(/Users/robmarty/Library/TinyTeX/texmf-dist/fonts/source/jknappen/ec/expunct.mf
 Ok [14] [15] [19] [20] [13] [18] [33] [39] [42] [43] [44] [46] [47] [58]
[59] [61] [96] [189] [17] [45] [16] [21] [22])
(/Users/robmarty/Library/TinyTeX/texmf-dist/fonts/source/jknappen/ec/exaccent.m
f
 Ok [0] [1] [2] [3] [4] [5] [6] [7] [8] [9] [10] [11] [12])
(/Users/robmarty/Library/TinyTeX/texmf-dist/fonts/source/jknappen/ec/exsign.mf
 Ok [24] [34] [35] [36] [37] [64] [191] [159])
(/Users/robmarty/Library/TinyTeX/texmf-dist/fonts/source/jknappen/ec/exrlig.mf
 Ok [25] [26] [28] [27] [29] [30] [31])
(/Users/robmarty/Library/TinyTeX/texmf-dist/fonts/source/jknappen/ec/exromp.mf
 Ok [38] [63] [190])
(/Users/robmarty/Library/TinyTeX/texmf-dist/fonts/source/jknappen/ec/exrulett.m
f
 Ok [65] [66] [67] [68] [69] [70] [71] [72] [73] [74] [75] [76] [77] [78]
[79] [80] [81] [82] [83] [84] [85] [86] [87] [88] [89] [90])
(/Users/robmarty/Library/TinyTeX/texmf-dist/fonts/source/jknappen/ec/exrllett.m
f
 Ok [97] [98] [99] [100] [101] [102] [103] [104] [105] [106] [107] [108]
[109] [110] [111] [112] [113] [114] [115] [116] [117] [118] [119] [120]
[121] [122])
(/Users/robmarty/Library/TinyTeX/texmf-dist/fonts/source/jknappen/ec/exrdigit.m
f
 Ok [48] [49] [50] [51] [52] [53] [54] [55] [56] [57])
(/Users/robmarty/Library/TinyTeX/texmf-dist/fonts/source/jknappen/ec/exrligtb.m
f
 Ok) ) ) )
(some charht values had to be adjusted by as much as 0.1584pt)
Font metrics written on ecbx2074.tfm.
Output written on ecbx2074.600gf (256 characters, 102412 bytes).
Transcript written on ecbx2074.log.
mktexpk: /Users/robmarty/Library/TinyTeX/texmf-var/fonts/pk/ljfour/jknappen/ec/ecbx2074.600pk: successfully generated.

kpathsea: Running mktexpk --mfmode / --bdpi 600 --mag 1+0/600 --dpi 600 ecbx2488
mktexpk: Running mf-nowin -progname=mf \mode:=ljfour; mag:=1+0/600; nonstopmode; input ecbx2488
This is METAFONT, Version 2.71828182 (TeX Live 2021) (preloaded base=mf)


(/Users/robmarty/Library/TinyTeX/texmf-dist/fonts/source/jknappen/ec/ecbx2488.m
f
(/Users/robmarty/Library/TinyTeX/texmf-dist/fonts/source/jknappen/ec/exbase.mf)
(/Users/robmarty/Library/TinyTeX/texmf-dist/fonts/source/jknappen/ec/ecbx.mf
(/Users/robmarty/Library/TinyTeX/texmf-dist/fonts/source/jknappen/ec/exroman.mf
 Ok
(/Users/robmarty/Library/TinyTeX/texmf-dist/fonts/source/jknappen/ec/exaccess.m
f
 Ok)
(/Users/robmarty/Library/TinyTeX/texmf-dist/fonts/source/jknappen/ec/expseudo.m
f
 Ok)
(/Users/robmarty/Library/TinyTeX/texmf-dist/fonts/source/jknappen/ec/exruwest.m
f
 Ok [192] [193] [194] [195] [196] [197] [198] [199] [200] [201] [202] [203]
[204] [205] [206] [207] [208] [209] [210] [211] [212] [213] [214] [215]
[216] [217] [218] [219] [220] [221] [222] [223])
(/Users/robmarty/Library/TinyTeX/texmf-dist/fonts/source/jknappen/ec/exrlwest.m
f
 Ok [224] [225] [226] [227] [228] [229] [230] [231] [232] [233] [234] [235]
[236] [237] [238] [239] [240] [241] [242] [243] [244] [245] [246] [247]
[248] [249] [250] [251] [252] [253] [254] [255])
(/Users/robmarty/Library/TinyTeX/texmf-dist/fonts/source/jknappen/ec/exrueast.m
f
 Ok [128] [129] [130] [131] [132] [133] [134] [135] [136] [137] [138] [139]
[140] [141] [142] [143] [144] [145] [146] [147] [148] [149] [150] [151]
[152] [153] [154] [155] [156] [157])
(/Users/robmarty/Library/TinyTeX/texmf-dist/fonts/source/jknappen/ec/exrleast.m
f
 Ok [158] [160] [161] [162] [163] [164] [165] [166] [167] [168] [169] [170]
[171] [172] [173] [174] [175] [176] [177] [178] [179] [180] [181] [182]
[183] [184] [185] [186] [187] [188])
(/Users/robmarty/Library/TinyTeX/texmf-dist/fonts/source/jknappen/ec/exbraces.m
f
 Ok [94] [126] [23] [40] [41] [60] [124] [62] [91] [93] [92] [123] [125]
[95] [127] [32])
(/Users/robmarty/Library/TinyTeX/texmf-dist/fonts/source/jknappen/ec/expunct.mf
 Ok [14] [15] [19] [20] [13] [18] [33] [39] [42] [43] [44] [46] [47] [58]
[59] [61] [96] [189] [17] [45] [16] [21] [22])
(/Users/robmarty/Library/TinyTeX/texmf-dist/fonts/source/jknappen/ec/exaccent.m
f
 Ok [0] [1] [2] [3] [4] [5] [6] [7] [8] [9] [10] [11] [12])
(/Users/robmarty/Library/TinyTeX/texmf-dist/fonts/source/jknappen/ec/exsign.mf
 Ok [24] [34] [35] [36] [37] [64] [191] [159])
(/Users/robmarty/Library/TinyTeX/texmf-dist/fonts/source/jknappen/ec/exrlig.mf
 Ok [25] [26] [28] [27] [29] [30] [31])
(/Users/robmarty/Library/TinyTeX/texmf-dist/fonts/source/jknappen/ec/exromp.mf
 Ok [38] [63] [190])
(/Users/robmarty/Library/TinyTeX/texmf-dist/fonts/source/jknappen/ec/exrulett.m
f
 Ok [65] [66] [67] [68] [69] [70] [71] [72] [73] [74] [75] [76] [77] [78]
[79] [80] [81] [82] [83] [84] [85] [86] [87] [88] [89] [90])
(/Users/robmarty/Library/TinyTeX/texmf-dist/fonts/source/jknappen/ec/exrllett.m
f
 Ok [97] [98] [99] [100] [101] [102] [103] [104] [105] [106] [107] [108]
[109] [110] [111] [112] [113] [114] [115] [116] [117] [118] [119] [120]
[121] [122])
(/Users/robmarty/Library/TinyTeX/texmf-dist/fonts/source/jknappen/ec/exrdigit.m
f
 Ok [48] [49] [50] [51] [52] [53] [54] [55] [56] [57])
(/Users/robmarty/Library/TinyTeX/texmf-dist/fonts/source/jknappen/ec/exrligtb.m
f
 Ok) ) ) )
(some charht values had to be adjusted by as much as 0.13768pt)
Font metrics written on ecbx2488.tfm.
Output written on ecbx2488.600gf (256 characters, 124660 bytes).
Transcript written on ecbx2488.log.
mktexpk: /Users/robmarty/Library/TinyTeX/texmf-var/fonts/pk/ljfour/jknappen/ec/ecbx2488.600pk: successfully generated.
This is pdfTeX, Version 3.141592653-2.6-1.40.22 (TeX Live 2021) (preloaded format=pdflatex)
 restricted \write18 enabled.
entering extended mode
LaTeX2e <2020-10-01> patch level 4
L3 programming layer <2021-02-18> (./Rd2.tex
(/Users/robmarty/Library/TinyTeX/texmf-dist/tex/latex/base/book.cls
Document Class: book 2020/04/10 v1.4m Standard LaTeX document class
(/Users/robmarty/Library/TinyTeX/texmf-dist/tex/latex/base/bk10.clo))
(/Library/Frameworks/R.framework/Resources/share/texmf/tex/latex/Rd.sty
(/Users/robmarty/Library/TinyTeX/texmf-dist/tex/latex/base/ifthen.sty)
(/Users/robmarty/Library/TinyTeX/texmf-dist/tex/latex/tools/longtable.sty)
(/Users/robmarty/Library/TinyTeX/texmf-dist/tex/latex/tools/bm.sty)
(/Users/robmarty/Library/TinyTeX/texmf-dist/tex/latex/base/alltt.sty)
(/Users/robmarty/Library/TinyTeX/texmf-dist/tex/latex/tools/verbatim.sty)
(/Users/robmarty/Library/TinyTeX/texmf-dist/tex/latex/url/url.sty)
(/Users/robmarty/Library/TinyTeX/texmf-dist/tex/latex/base/textcomp.sty)
(/Users/robmarty/Library/TinyTeX/texmf-dist/tex/latex/amsmath/amsmath.sty
For additional information on amsmath, use the `?' option.
(/Users/robmarty/Library/TinyTeX/texmf-dist/tex/latex/amsmath/amstext.sty
(/Users/robmarty/Library/TinyTeX/texmf-dist/tex/latex/amsmath/amsgen.sty))
(/Users/robmarty/Library/TinyTeX/texmf-dist/tex/latex/amsmath/amsbsy.sty)
(/Users/robmarty/Library/TinyTeX/texmf-dist/tex/latex/amsmath/amsopn.sty))
(/Users/robmarty/Library/TinyTeX/texmf-dist/tex/latex/amsfonts/amsfonts.sty)
(/Users/robmarty/Library/TinyTeX/texmf-dist/tex/latex/amsfonts/amssymb.sty)
(/Users/robmarty/Library/TinyTeX/texmf-dist/tex/latex/amsfonts/eucal.sty)
(/Users/robmarty/Library/TinyTeX/texmf-dist/tex/generic/iftex/iftex.sty)
(/Users/robmarty/Library/TinyTeX/texmf-dist/tex/latex/base/fontenc.sty)
(/Users/robmarty/Library/TinyTeX/texmf-dist/tex/latex/inconsolata/zi4.sty
`inconsolata-zi4' v1.12, 2019/05/17 Text macros for Inconsolata (msharpe)
(/Users/robmarty/Library/TinyTeX/texmf-dist/tex/latex/xkeyval/xkeyval.sty
(/Users/robmarty/Library/TinyTeX/texmf-dist/tex/generic/xkeyval/xkeyval.tex
(/Users/robmarty/Library/TinyTeX/texmf-dist/tex/generic/xkeyval/xkvutils.tex
(/Users/robmarty/Library/TinyTeX/texmf-dist/tex/generic/xkeyval/keyval.tex)))))
 (/Users/robmarty/Library/TinyTeX/texmf-dist/tex/latex/graphics/color.sty
(/Users/robmarty/Library/TinyTeX/texmf-dist/tex/latex/graphics-cfg/color.cfg)
(/Users/robmarty/Library/TinyTeX/texmf-dist/tex/latex/graphics-def/pdftex.def))
 (/Users/robmarty/Library/TinyTeX/texmf-dist/tex/latex/hyperref/hyperref.sty
(/Users/robmarty/Library/TinyTeX/texmf-dist/tex/generic/ltxcmds/ltxcmds.sty)
(/Users/robmarty/Library/TinyTeX/texmf-dist/tex/generic/pdftexcmds/pdftexcmds.s
ty
(/Users/robmarty/Library/TinyTeX/texmf-dist/tex/generic/infwarerr/infwarerr.sty
))
(/Users/robmarty/Library/TinyTeX/texmf-dist/tex/generic/kvsetkeys/kvsetkeys.sty
)
(/Users/robmarty/Library/TinyTeX/texmf-dist/tex/generic/kvdefinekeys/kvdefineke
ys.sty)
(/Users/robmarty/Library/TinyTeX/texmf-dist/tex/generic/pdfescape/pdfescape.sty
) (/Users/robmarty/Library/TinyTeX/texmf-dist/tex/latex/hycolor/hycolor.sty)
(/Users/robmarty/Library/TinyTeX/texmf-dist/tex/latex/letltxmacro/letltxmacro.s
ty) (/Users/robmarty/Library/TinyTeX/texmf-dist/tex/latex/auxhook/auxhook.sty)
(/Users/robmarty/Library/TinyTeX/texmf-dist/tex/latex/kvoptions/kvoptions.sty)
(/Users/robmarty/Library/TinyTeX/texmf-dist/tex/latex/hyperref/pd1enc.def)
(/Users/robmarty/Library/TinyTeX/texmf-dist/tex/latex/hyperref/hyperref-langpat
ches.def)
(/Users/robmarty/Library/TinyTeX/texmf-dist/tex/generic/intcalc/intcalc.sty)
(/Users/robmarty/Library/TinyTeX/texmf-dist/tex/generic/etexcmds/etexcmds.sty)
(/Users/robmarty/Library/TinyTeX/texmf-dist/tex/latex/hyperref/puenc.def)
(/Users/robmarty/Library/TinyTeX/texmf-dist/tex/generic/bitset/bitset.sty
(/Users/robmarty/Library/TinyTeX/texmf-dist/tex/generic/bigintcalc/bigintcalc.s
ty))
(/Users/robmarty/Library/TinyTeX/texmf-dist/tex/latex/base/atbegshi-ltx.sty))
(/Users/robmarty/Library/TinyTeX/texmf-dist/tex/latex/hyperref/hpdftex.def
(/Users/robmarty/Library/TinyTeX/texmf-dist/tex/latex/base/atveryend-ltx.sty)
(/Users/robmarty/Library/TinyTeX/texmf-dist/tex/latex/rerunfilecheck/rerunfilec
heck.sty
(/Users/robmarty/Library/TinyTeX/texmf-dist/tex/generic/uniquecounter/uniquecou
nter.sty)))

Package hyperref Warning: Option `hyperindex' has already been used,
(hyperref)                setting the option has no effect on input line 394.


Package hyperref Warning: Option `pagebackref' has already been used,
(hyperref)                setting the option has no effect on input line 394.

) (/Users/robmarty/Library/TinyTeX/texmf-dist/tex/latex/base/makeidx.sty)
(/Users/robmarty/Library/TinyTeX/texmf-dist/tex/latex/base/inputenc.sty)
Writing index file Rd2.idx

(/Users/robmarty/Library/TinyTeX/texmf-dist/tex/latex/l3backend/l3backend-pdfte
x.def)
No file Rd2.aux.
(/Users/robmarty/Library/TinyTeX/texmf-dist/tex/latex/hyperref/nameref.sty
(/Users/robmarty/Library/TinyTeX/texmf-dist/tex/latex/refcount/refcount.sty)
(/Users/robmarty/Library/TinyTeX/texmf-dist/tex/generic/gettitlestring/gettitle
string.sty))
(/Users/robmarty/Library/TinyTeX/texmf-dist/tex/latex/inconsolata/t1zi4.fd)
(/Users/robmarty/Library/TinyTeX/texmf-dist/tex/latex/amsfonts/umsa.fd)
(/Users/robmarty/Library/TinyTeX/texmf-dist/tex/latex/amsfonts/umsb.fd)
(/Users/robmarty/Library/TinyTeX/texmf-dist/tex/latex/base/t1cmss.fd)
Overfull \hbox (10.83258pt too wide) in paragraph at lines 51--52
[]\T1/cmr/m/n/10 Vector of lat-i-tude and lon-gi-tude used to cre-ate PNG file 
us-ing [][][]\T1/zi4/m/n/10 gt_make_png()[][][] 
[1{/Users/robmarty/Library/TinyTeX/texmf-var/fonts/map/pdftex/updmap/pdftex.map
}] [2]
Overfull \hbox (21.83736pt too wide) in paragraph at lines 115--116
[]\T1/zi4/m/n/10 height []\T1/cmr/m/n/10 to man-u-ally spec-ify the height; oth
-er-wise, a height of []\T1/zi4/m/n/10 height_width_max

Overfull \hbox (12.94942pt too wide) in paragraph at lines 117--118
[]\T1/zi4/m/n/10 width []\T1/cmr/m/n/10 to man-u-ally spec-ify the width; oth-e
r-wise, a width of []\T1/zi4/m/n/10 height_width_max
[3] [4] [5]
(/Users/robmarty/Library/TinyTeX/texmf-dist/tex/latex/inconsolata/ts1zi4.fd)
[6] [7] [8]
No file Rd2.ind.
[9]
(/private/var/folders/m1/8h14xfm56hd6qfgz6btm1rd80000gn/T/Rtmph7Tqom/Rd2pdf1210
4fdfdcea/Rd2.aux)

Package rerunfilecheck Warning: File `Rd2.out' has changed.
(rerunfilecheck)                Rerun to get outlines right
(rerunfilecheck)                or use package `bookmark'.

 )
(see the transcript file for additional information)pdfTeX warning (dest): name
{Rfn.raster::mosaic\(\)} has been referenced but does not exist, replaced by a 
fixed one

{/Users/robmarty/Library/TinyTeX/texmf-dist/fonts/enc/dvips/inconsolata/i4-ts1.
enc} </Users/robmarty/Library/TinyTeX/texmf-var/fonts/pk/ljfour/jknappen/ec/ecs
l1000.600pk> </Users/robmarty/Library/TinyTeX/texmf-var/fonts/pk/ljfour/jknappe
n/ec/ecti1000.600pk> </Users/robmarty/Library/TinyTeX/texmf-var/fonts/pk/ljfour
/jknappen/ec/ecbx1440.600pk> </Users/robmarty/Library/TinyTeX/texmf-var/fonts/p
k/ljfour/jknappen/ec/ecss1440.600pk>{/Users/robmarty/Library/TinyTeX/texmf-dist
/fonts/enc/dvips/inconsolata/i4-t1-0.enc} </Users/robmarty/Library/TinyTeX/texm
f-var/fonts/pk/ljfour/jknappen/ec/ecrm1000.600pk> </Users/robmarty/Library/Tiny
TeX/texmf-var/fonts/pk/ljfour/jknappen/ec/ecbx1000.600pk> </Users/robmarty/Libr
ary/TinyTeX/texmf-var/fonts/pk/ljfour/jknappen/ec/ecrm1200.600pk> </Users/robma
rty/Library/TinyTeX/texmf-var/fonts/pk/ljfour/jknappen/ec/ecbx2074.600pk></User
s/robmarty/Library/TinyTeX/texmf-dist/fonts/type1/public/inconsolata/Inconsolat
a-zi4r.pfb>
Output written on Rd2.pdf (9 pages, 94961 bytes).
Transcript written on Rd2.log.
This is makeindex, version 2.15 [TeX Live 2021] (kpathsea + Thai support).
Scanning input file Rd2.idx....done (16 entries accepted, 0 rejected).
Sorting entries....done (63 comparisons).
Generating output file Rd2.ind....done (21 lines written, 0 warnings).
Output written in Rd2.ind.
Transcript written in Rd2.ilg.
This is pdfTeX, Version 3.141592653-2.6-1.40.22 (TeX Live 2021) (preloaded format=pdflatex)
 restricted \write18 enabled.
entering extended mode
LaTeX2e <2020-10-01> patch level 4
L3 programming layer <2021-02-18> (./Rd2.tex
(/Users/robmarty/Library/TinyTeX/texmf-dist/tex/latex/base/book.cls
Document Class: book 2020/04/10 v1.4m Standard LaTeX document class
(/Users/robmarty/Library/TinyTeX/texmf-dist/tex/latex/base/bk10.clo))
(/Library/Frameworks/R.framework/Resources/share/texmf/tex/latex/Rd.sty
(/Users/robmarty/Library/TinyTeX/texmf-dist/tex/latex/base/ifthen.sty)
(/Users/robmarty/Library/TinyTeX/texmf-dist/tex/latex/tools/longtable.sty)
(/Users/robmarty/Library/TinyTeX/texmf-dist/tex/latex/tools/bm.sty)
(/Users/robmarty/Library/TinyTeX/texmf-dist/tex/latex/base/alltt.sty)
(/Users/robmarty/Library/TinyTeX/texmf-dist/tex/latex/tools/verbatim.sty)
(/Users/robmarty/Library/TinyTeX/texmf-dist/tex/latex/url/url.sty)
(/Users/robmarty/Library/TinyTeX/texmf-dist/tex/latex/base/textcomp.sty)
(/Users/robmarty/Library/TinyTeX/texmf-dist/tex/latex/amsmath/amsmath.sty
For additional information on amsmath, use the `?' option.
(/Users/robmarty/Library/TinyTeX/texmf-dist/tex/latex/amsmath/amstext.sty
(/Users/robmarty/Library/TinyTeX/texmf-dist/tex/latex/amsmath/amsgen.sty))
(/Users/robmarty/Library/TinyTeX/texmf-dist/tex/latex/amsmath/amsbsy.sty)
(/Users/robmarty/Library/TinyTeX/texmf-dist/tex/latex/amsmath/amsopn.sty))
(/Users/robmarty/Library/TinyTeX/texmf-dist/tex/latex/amsfonts/amsfonts.sty)
(/Users/robmarty/Library/TinyTeX/texmf-dist/tex/latex/amsfonts/amssymb.sty)
(/Users/robmarty/Library/TinyTeX/texmf-dist/tex/latex/amsfonts/eucal.sty)
(/Users/robmarty/Library/TinyTeX/texmf-dist/tex/generic/iftex/iftex.sty)
(/Users/robmarty/Library/TinyTeX/texmf-dist/tex/latex/base/fontenc.sty)
(/Users/robmarty/Library/TinyTeX/texmf-dist/tex/latex/inconsolata/zi4.sty
`inconsolata-zi4' v1.12, 2019/05/17 Text macros for Inconsolata (msharpe)
(/Users/robmarty/Library/TinyTeX/texmf-dist/tex/latex/xkeyval/xkeyval.sty
(/Users/robmarty/Library/TinyTeX/texmf-dist/tex/generic/xkeyval/xkeyval.tex
(/Users/robmarty/Library/TinyTeX/texmf-dist/tex/generic/xkeyval/xkvutils.tex
(/Users/robmarty/Library/TinyTeX/texmf-dist/tex/generic/xkeyval/keyval.tex)))))
 (/Users/robmarty/Library/TinyTeX/texmf-dist/tex/latex/graphics/color.sty
(/Users/robmarty/Library/TinyTeX/texmf-dist/tex/latex/graphics-cfg/color.cfg)
(/Users/robmarty/Library/TinyTeX/texmf-dist/tex/latex/graphics-def/pdftex.def))
 (/Users/robmarty/Library/TinyTeX/texmf-dist/tex/latex/hyperref/hyperref.sty
(/Users/robmarty/Library/TinyTeX/texmf-dist/tex/generic/ltxcmds/ltxcmds.sty)
(/Users/robmarty/Library/TinyTeX/texmf-dist/tex/generic/pdftexcmds/pdftexcmds.s
ty
(/Users/robmarty/Library/TinyTeX/texmf-dist/tex/generic/infwarerr/infwarerr.sty
))
(/Users/robmarty/Library/TinyTeX/texmf-dist/tex/generic/kvsetkeys/kvsetkeys.sty
)
(/Users/robmarty/Library/TinyTeX/texmf-dist/tex/generic/kvdefinekeys/kvdefineke
ys.sty)
(/Users/robmarty/Library/TinyTeX/texmf-dist/tex/generic/pdfescape/pdfescape.sty
) (/Users/robmarty/Library/TinyTeX/texmf-dist/tex/latex/hycolor/hycolor.sty)
(/Users/robmarty/Library/TinyTeX/texmf-dist/tex/latex/letltxmacro/letltxmacro.s
ty) (/Users/robmarty/Library/TinyTeX/texmf-dist/tex/latex/auxhook/auxhook.sty)
(/Users/robmarty/Library/TinyTeX/texmf-dist/tex/latex/kvoptions/kvoptions.sty)
(/Users/robmarty/Library/TinyTeX/texmf-dist/tex/latex/hyperref/pd1enc.def)
(/Users/robmarty/Library/TinyTeX/texmf-dist/tex/latex/hyperref/hyperref-langpat
ches.def)
(/Users/robmarty/Library/TinyTeX/texmf-dist/tex/generic/intcalc/intcalc.sty)
(/Users/robmarty/Library/TinyTeX/texmf-dist/tex/generic/etexcmds/etexcmds.sty)
(/Users/robmarty/Library/TinyTeX/texmf-dist/tex/latex/hyperref/puenc.def)
(/Users/robmarty/Library/TinyTeX/texmf-dist/tex/generic/bitset/bitset.sty
(/Users/robmarty/Library/TinyTeX/texmf-dist/tex/generic/bigintcalc/bigintcalc.s
ty))
(/Users/robmarty/Library/TinyTeX/texmf-dist/tex/latex/base/atbegshi-ltx.sty))
(/Users/robmarty/Library/TinyTeX/texmf-dist/tex/latex/hyperref/hpdftex.def
(/Users/robmarty/Library/TinyTeX/texmf-dist/tex/latex/base/atveryend-ltx.sty)
(/Users/robmarty/Library/TinyTeX/texmf-dist/tex/latex/rerunfilecheck/rerunfilec
heck.sty
(/Users/robmarty/Library/TinyTeX/texmf-dist/tex/generic/uniquecounter/uniquecou
nter.sty)))

Package hyperref Warning: Option `hyperindex' has already been used,
(hyperref)                setting the option has no effect on input line 394.


Package hyperref Warning: Option `pagebackref' has already been used,
(hyperref)                setting the option has no effect on input line 394.

) (/Users/robmarty/Library/TinyTeX/texmf-dist/tex/latex/base/makeidx.sty)
(/Users/robmarty/Library/TinyTeX/texmf-dist/tex/latex/base/inputenc.sty)
Writing index file Rd2.idx

(/Users/robmarty/Library/TinyTeX/texmf-dist/tex/latex/l3backend/l3backend-pdfte
x.def)
(/private/var/folders/m1/8h14xfm56hd6qfgz6btm1rd80000gn/T/Rtmph7Tqom/Rd2pdf1210
4fdfdcea/Rd2.aux)
(/Users/robmarty/Library/TinyTeX/texmf-dist/tex/latex/hyperref/nameref.sty
(/Users/robmarty/Library/TinyTeX/texmf-dist/tex/latex/refcount/refcount.sty)
(/Users/robmarty/Library/TinyTeX/texmf-dist/tex/generic/gettitlestring/gettitle
string.sty))
(/private/var/folders/m1/8h14xfm56hd6qfgz6btm1rd80000gn/T/Rtmph7Tqom/Rd2pdf1210
4fdfdcea/Rd2.out)
(/private/var/folders/m1/8h14xfm56hd6qfgz6btm1rd80000gn/T/Rtmph7Tqom/Rd2pdf1210
4fdfdcea/Rd2.out)
(/Users/robmarty/Library/TinyTeX/texmf-dist/tex/latex/inconsolata/t1zi4.fd)
(/Users/robmarty/Library/TinyTeX/texmf-dist/tex/latex/amsfonts/umsa.fd)
(/Users/robmarty/Library/TinyTeX/texmf-dist/tex/latex/amsfonts/umsb.fd)
(/Users/robmarty/Library/TinyTeX/texmf-dist/tex/latex/base/t1cmss.fd)
(/private/var/folders/m1/8h14xfm56hd6qfgz6btm1rd80000gn/T/Rtmph7Tqom/Rd2pdf1210
4fdfdcea/Rd2.toc) [1{/Users/robmarty/Library/TinyTeX/texmf-var/fonts/map/pdftex
/updmap/pdftex.map}]
Overfull \hbox (10.83258pt too wide) in paragraph at lines 51--52
[]\T1/cmr/m/n/10 Vector of lat-i-tude and lon-gi-tude used to cre-ate PNG file 
us-ing [][][]\T1/zi4/m/n/10 gt_make_png()[][][] 
[2]
Overfull \hbox (21.83736pt too wide) in paragraph at lines 115--116
[]\T1/zi4/m/n/10 height []\T1/cmr/m/n/10 to man-u-ally spec-ify the height; oth
-er-wise, a height of []\T1/zi4/m/n/10 height_width_max

Overfull \hbox (12.94942pt too wide) in paragraph at lines 117--118
[]\T1/zi4/m/n/10 width []\T1/cmr/m/n/10 to man-u-ally spec-ify the width; oth-e
r-wise, a width of []\T1/zi4/m/n/10 height_width_max
[3] [4] [5]
(/Users/robmarty/Library/TinyTeX/texmf-dist/tex/latex/inconsolata/ts1zi4.fd)
[6] [7] [8]
(/private/var/folders/m1/8h14xfm56hd6qfgz6btm1rd80000gn/T/Rtmph7Tqom/Rd2pdf1210
4fdfdcea/Rd2.ind [9] [10])
(/private/var/folders/m1/8h14xfm56hd6qfgz6btm1rd80000gn/T/Rtmph7Tqom/Rd2pdf1210
4fdfdcea/Rd2.aux)

Package rerunfilecheck Warning: File `Rd2.out' has changed.
(rerunfilecheck)                Rerun to get outlines right
(rerunfilecheck)                or use package `bookmark'.

 )
(see the transcript file for additional information)pdfTeX warning (dest): name
{Rfn.raster::mosaic\(\)} has been referenced but does not exist, replaced by a 
fixed one

 </Users/robmarty/Library/TinyTeX/texmf-var/fonts/pk/ljfour/jknappen/ec/ecbx248
8.600pk>{/Users/robmarty/Library/TinyTeX/texmf-dist/fonts/enc/dvips/inconsolata
/i4-ts1.enc} </Users/robmarty/Library/TinyTeX/texmf-var/fonts/pk/ljfour/jknappe
n/ec/ecsl1000.600pk> </Users/robmarty/Library/TinyTeX/texmf-var/fonts/pk/ljfour
/jknappen/ec/ecti1000.600pk> </Users/robmarty/Library/TinyTeX/texmf-var/fonts/p
k/ljfour/jknappen/ec/ecbx1440.600pk> </Users/robmarty/Library/TinyTeX/texmf-var
/fonts/pk/ljfour/jknappen/ec/ecss1440.600pk>{/Users/robmarty/Library/TinyTeX/te
xmf-dist/fonts/enc/dvips/inconsolata/i4-t1-0.enc} </Users/robmarty/Library/Tiny
TeX/texmf-var/fonts/pk/ljfour/jknappen/ec/ecrm1000.600pk> </Users/robmarty/Libr
ary/TinyTeX/texmf-var/fonts/pk/ljfour/jknappen/ec/ecbx1000.600pk> </Users/robma
rty/Library/TinyTeX/texmf-var/fonts/pk/ljfour/jknappen/ec/ecrm1200.600pk> </Use
rs/robmarty/Library/TinyTeX/texmf-var/fonts/pk/ljfour/jknappen/ec/ecbx2074.600p
k></Users/robmarty/Library/TinyTeX/texmf-dist/fonts/type1/public/inconsolata/In
consolata-zi4r.pfb>
Output written on Rd2.pdf (10 pages, 101261 bytes).
Transcript written on Rd2.log.
This is makeindex, version 2.15 [TeX Live 2021] (kpathsea + Thai support).
Scanning input file Rd2.idx....done (16 entries accepted, 0 rejected).
Sorting entries....done (63 comparisons).
Generating output file Rd2.ind....done (21 lines written, 0 warnings).
Output written in Rd2.ind.
Transcript written in Rd2.ilg.
This is pdfTeX, Version 3.141592653-2.6-1.40.22 (TeX Live 2021) (preloaded format=pdflatex)
 restricted \write18 enabled.
entering extended mode
LaTeX2e <2020-10-01> patch level 4
L3 programming layer <2021-02-18> (./Rd2.tex
(/Users/robmarty/Library/TinyTeX/texmf-dist/tex/latex/base/book.cls
Document Class: book 2020/04/10 v1.4m Standard LaTeX document class
(/Users/robmarty/Library/TinyTeX/texmf-dist/tex/latex/base/bk10.clo))
(/Library/Frameworks/R.framework/Resources/share/texmf/tex/latex/Rd.sty
(/Users/robmarty/Library/TinyTeX/texmf-dist/tex/latex/base/ifthen.sty)
(/Users/robmarty/Library/TinyTeX/texmf-dist/tex/latex/tools/longtable.sty)
(/Users/robmarty/Library/TinyTeX/texmf-dist/tex/latex/tools/bm.sty)
(/Users/robmarty/Library/TinyTeX/texmf-dist/tex/latex/base/alltt.sty)
(/Users/robmarty/Library/TinyTeX/texmf-dist/tex/latex/tools/verbatim.sty)
(/Users/robmarty/Library/TinyTeX/texmf-dist/tex/latex/url/url.sty)
(/Users/robmarty/Library/TinyTeX/texmf-dist/tex/latex/base/textcomp.sty)
(/Users/robmarty/Library/TinyTeX/texmf-dist/tex/latex/amsmath/amsmath.sty
For additional information on amsmath, use the `?' option.
(/Users/robmarty/Library/TinyTeX/texmf-dist/tex/latex/amsmath/amstext.sty
(/Users/robmarty/Library/TinyTeX/texmf-dist/tex/latex/amsmath/amsgen.sty))
(/Users/robmarty/Library/TinyTeX/texmf-dist/tex/latex/amsmath/amsbsy.sty)
(/Users/robmarty/Library/TinyTeX/texmf-dist/tex/latex/amsmath/amsopn.sty))
(/Users/robmarty/Library/TinyTeX/texmf-dist/tex/latex/amsfonts/amsfonts.sty)
(/Users/robmarty/Library/TinyTeX/texmf-dist/tex/latex/amsfonts/amssymb.sty)
(/Users/robmarty/Library/TinyTeX/texmf-dist/tex/latex/amsfonts/eucal.sty)
(/Users/robmarty/Library/TinyTeX/texmf-dist/tex/generic/iftex/iftex.sty)
(/Users/robmarty/Library/TinyTeX/texmf-dist/tex/latex/base/fontenc.sty)
(/Users/robmarty/Library/TinyTeX/texmf-dist/tex/latex/inconsolata/zi4.sty
`inconsolata-zi4' v1.12, 2019/05/17 Text macros for Inconsolata (msharpe)
(/Users/robmarty/Library/TinyTeX/texmf-dist/tex/latex/xkeyval/xkeyval.sty
(/Users/robmarty/Library/TinyTeX/texmf-dist/tex/generic/xkeyval/xkeyval.tex
(/Users/robmarty/Library/TinyTeX/texmf-dist/tex/generic/xkeyval/xkvutils.tex
(/Users/robmarty/Library/TinyTeX/texmf-dist/tex/generic/xkeyval/keyval.tex)))))
 (/Users/robmarty/Library/TinyTeX/texmf-dist/tex/latex/graphics/color.sty
(/Users/robmarty/Library/TinyTeX/texmf-dist/tex/latex/graphics-cfg/color.cfg)
(/Users/robmarty/Library/TinyTeX/texmf-dist/tex/latex/graphics-def/pdftex.def))
 (/Users/robmarty/Library/TinyTeX/texmf-dist/tex/latex/hyperref/hyperref.sty
(/Users/robmarty/Library/TinyTeX/texmf-dist/tex/generic/ltxcmds/ltxcmds.sty)
(/Users/robmarty/Library/TinyTeX/texmf-dist/tex/generic/pdftexcmds/pdftexcmds.s
ty
(/Users/robmarty/Library/TinyTeX/texmf-dist/tex/generic/infwarerr/infwarerr.sty
))
(/Users/robmarty/Library/TinyTeX/texmf-dist/tex/generic/kvsetkeys/kvsetkeys.sty
)
(/Users/robmarty/Library/TinyTeX/texmf-dist/tex/generic/kvdefinekeys/kvdefineke
ys.sty)
(/Users/robmarty/Library/TinyTeX/texmf-dist/tex/generic/pdfescape/pdfescape.sty
) (/Users/robmarty/Library/TinyTeX/texmf-dist/tex/latex/hycolor/hycolor.sty)
(/Users/robmarty/Library/TinyTeX/texmf-dist/tex/latex/letltxmacro/letltxmacro.s
ty) (/Users/robmarty/Library/TinyTeX/texmf-dist/tex/latex/auxhook/auxhook.sty)
(/Users/robmarty/Library/TinyTeX/texmf-dist/tex/latex/kvoptions/kvoptions.sty)
(/Users/robmarty/Library/TinyTeX/texmf-dist/tex/latex/hyperref/pd1enc.def)
(/Users/robmarty/Library/TinyTeX/texmf-dist/tex/latex/hyperref/hyperref-langpat
ches.def)
(/Users/robmarty/Library/TinyTeX/texmf-dist/tex/generic/intcalc/intcalc.sty)
(/Users/robmarty/Library/TinyTeX/texmf-dist/tex/generic/etexcmds/etexcmds.sty)
(/Users/robmarty/Library/TinyTeX/texmf-dist/tex/latex/hyperref/puenc.def)
(/Users/robmarty/Library/TinyTeX/texmf-dist/tex/generic/bitset/bitset.sty
(/Users/robmarty/Library/TinyTeX/texmf-dist/tex/generic/bigintcalc/bigintcalc.s
ty))
(/Users/robmarty/Library/TinyTeX/texmf-dist/tex/latex/base/atbegshi-ltx.sty))
(/Users/robmarty/Library/TinyTeX/texmf-dist/tex/latex/hyperref/hpdftex.def
(/Users/robmarty/Library/TinyTeX/texmf-dist/tex/latex/base/atveryend-ltx.sty)
(/Users/robmarty/Library/TinyTeX/texmf-dist/tex/latex/rerunfilecheck/rerunfilec
heck.sty
(/Users/robmarty/Library/TinyTeX/texmf-dist/tex/generic/uniquecounter/uniquecou
nter.sty)))

Package hyperref Warning: Option `hyperindex' has already been used,
(hyperref)                setting the option has no effect on input line 394.


Package hyperref Warning: Option `pagebackref' has already been used,
(hyperref)                setting the option has no effect on input line 394.

) (/Users/robmarty/Library/TinyTeX/texmf-dist/tex/latex/base/makeidx.sty)
(/Users/robmarty/Library/TinyTeX/texmf-dist/tex/latex/base/inputenc.sty)
Writing index file Rd2.idx

(/Users/robmarty/Library/TinyTeX/texmf-dist/tex/latex/l3backend/l3backend-pdfte
x.def)
(/private/var/folders/m1/8h14xfm56hd6qfgz6btm1rd80000gn/T/Rtmph7Tqom/Rd2pdf1210
4fdfdcea/Rd2.aux)
(/Users/robmarty/Library/TinyTeX/texmf-dist/tex/latex/hyperref/nameref.sty
(/Users/robmarty/Library/TinyTeX/texmf-dist/tex/latex/refcount/refcount.sty)
(/Users/robmarty/Library/TinyTeX/texmf-dist/tex/generic/gettitlestring/gettitle
string.sty))
(/private/var/folders/m1/8h14xfm56hd6qfgz6btm1rd80000gn/T/Rtmph7Tqom/Rd2pdf1210
4fdfdcea/Rd2.out)
(/private/var/folders/m1/8h14xfm56hd6qfgz6btm1rd80000gn/T/Rtmph7Tqom/Rd2pdf1210
4fdfdcea/Rd2.out)
(/Users/robmarty/Library/TinyTeX/texmf-dist/tex/latex/inconsolata/t1zi4.fd)
(/Users/robmarty/Library/TinyTeX/texmf-dist/tex/latex/amsfonts/umsa.fd)
(/Users/robmarty/Library/TinyTeX/texmf-dist/tex/latex/amsfonts/umsb.fd)
(/Users/robmarty/Library/TinyTeX/texmf-dist/tex/latex/base/t1cmss.fd)
(/private/var/folders/m1/8h14xfm56hd6qfgz6btm1rd80000gn/T/Rtmph7Tqom/Rd2pdf1210
4fdfdcea/Rd2.toc) [1{/Users/robmarty/Library/TinyTeX/texmf-var/fonts/map/pdftex
/updmap/pdftex.map}]
Overfull \hbox (10.83258pt too wide) in paragraph at lines 51--52
[]\T1/cmr/m/n/10 Vector of lat-i-tude and lon-gi-tude used to cre-ate PNG file 
us-ing [][][]\T1/zi4/m/n/10 gt_make_png()[][][] 
[2]
Overfull \hbox (21.83736pt too wide) in paragraph at lines 115--116
[]\T1/zi4/m/n/10 height []\T1/cmr/m/n/10 to man-u-ally spec-ify the height; oth
-er-wise, a height of []\T1/zi4/m/n/10 height_width_max

Overfull \hbox (12.94942pt too wide) in paragraph at lines 117--118
[]\T1/zi4/m/n/10 width []\T1/cmr/m/n/10 to man-u-ally spec-ify the width; oth-e
r-wise, a width of []\T1/zi4/m/n/10 height_width_max
[3] [4] [5]
(/Users/robmarty/Library/TinyTeX/texmf-dist/tex/latex/inconsolata/ts1zi4.fd)
[6] [7] [8]
(/private/var/folders/m1/8h14xfm56hd6qfgz6btm1rd80000gn/T/Rtmph7Tqom/Rd2pdf1210
4fdfdcea/Rd2.ind [9] [10])
(/private/var/folders/m1/8h14xfm56hd6qfgz6btm1rd80000gn/T/Rtmph7Tqom/Rd2pdf1210
4fdfdcea/Rd2.aux) )
(see the transcript file for additional information)pdfTeX warning (dest): name
{Rfn.raster::mosaic\(\)} has been referenced but does not exist, replaced by a 
fixed one

 </Users/robmarty/Library/TinyTeX/texmf-var/fonts/pk/ljfour/jknappen/ec/ecbx248
8.600pk>{/Users/robmarty/Library/TinyTeX/texmf-dist/fonts/enc/dvips/inconsolata
/i4-ts1.enc} </Users/robmarty/Library/TinyTeX/texmf-var/fonts/pk/ljfour/jknappe
n/ec/ecsl1000.600pk> </Users/robmarty/Library/TinyTeX/texmf-var/fonts/pk/ljfour
/jknappen/ec/ecti1000.600pk> </Users/robmarty/Library/TinyTeX/texmf-var/fonts/p
k/ljfour/jknappen/ec/ecbx1440.600pk> </Users/robmarty/Library/TinyTeX/texmf-var
/fonts/pk/ljfour/jknappen/ec/ecss1440.600pk>{/Users/robmarty/Library/TinyTeX/te
xmf-dist/fonts/enc/dvips/inconsolata/i4-t1-0.enc} </Users/robmarty/Library/Tiny
TeX/texmf-var/fonts/pk/ljfour/jknappen/ec/ecrm1000.600pk> </Users/robmarty/Libr
ary/TinyTeX/texmf-var/fonts/pk/ljfour/jknappen/ec/ecbx1000.600pk> </Users/robma
rty/Library/TinyTeX/texmf-var/fonts/pk/ljfour/jknappen/ec/ecrm1200.600pk> </Use
rs/robmarty/Library/TinyTeX/texmf-var/fonts/pk/ljfour/jknappen/ec/ecbx2074.600p
k></Users/robmarty/Library/TinyTeX/texmf-dist/fonts/type1/public/inconsolata/In
consolata-zi4r.pfb>
Output written on Rd2.pdf (10 pages, 101893 bytes).
Transcript written on Rd2.log.
This is makeindex, version 2.15 [TeX Live 2021] (kpathsea + Thai support).
Scanning input file Rd2.idx....done (16 entries accepted, 0 rejected).
Sorting entries....done (63 comparisons).
Generating output file Rd2.ind....done (21 lines written, 0 warnings).
Output written in Rd2.ind.
Transcript written in Rd2.ilg.
This is pdfTeX, Version 3.141592653-2.6-1.40.22 (TeX Live 2021) (preloaded format=pdflatex)
 restricted \write18 enabled.
entering extended mode
LaTeX2e <2020-10-01> patch level 4
L3 programming layer <2021-02-18> (./Rd2.tex
(/Users/robmarty/Library/TinyTeX/texmf-dist/tex/latex/base/book.cls
Document Class: book 2020/04/10 v1.4m Standard LaTeX document class
(/Users/robmarty/Library/TinyTeX/texmf-dist/tex/latex/base/bk10.clo))
(/Library/Frameworks/R.framework/Resources/share/texmf/tex/latex/Rd.sty
(/Users/robmarty/Library/TinyTeX/texmf-dist/tex/latex/base/ifthen.sty)
(/Users/robmarty/Library/TinyTeX/texmf-dist/tex/latex/tools/longtable.sty)
(/Users/robmarty/Library/TinyTeX/texmf-dist/tex/latex/tools/bm.sty)
(/Users/robmarty/Library/TinyTeX/texmf-dist/tex/latex/base/alltt.sty)
(/Users/robmarty/Library/TinyTeX/texmf-dist/tex/latex/tools/verbatim.sty)
(/Users/robmarty/Library/TinyTeX/texmf-dist/tex/latex/url/url.sty)
(/Users/robmarty/Library/TinyTeX/texmf-dist/tex/latex/base/textcomp.sty)
(/Users/robmarty/Library/TinyTeX/texmf-dist/tex/latex/amsmath/amsmath.sty
For additional information on amsmath, use the `?' option.
(/Users/robmarty/Library/TinyTeX/texmf-dist/tex/latex/amsmath/amstext.sty
(/Users/robmarty/Library/TinyTeX/texmf-dist/tex/latex/amsmath/amsgen.sty))
(/Users/robmarty/Library/TinyTeX/texmf-dist/tex/latex/amsmath/amsbsy.sty)
(/Users/robmarty/Library/TinyTeX/texmf-dist/tex/latex/amsmath/amsopn.sty))
(/Users/robmarty/Library/TinyTeX/texmf-dist/tex/latex/amsfonts/amsfonts.sty)
(/Users/robmarty/Library/TinyTeX/texmf-dist/tex/latex/amsfonts/amssymb.sty)
(/Users/robmarty/Library/TinyTeX/texmf-dist/tex/latex/amsfonts/eucal.sty)
(/Users/robmarty/Library/TinyTeX/texmf-dist/tex/generic/iftex/iftex.sty)
(/Users/robmarty/Library/TinyTeX/texmf-dist/tex/latex/base/fontenc.sty)
(/Users/robmarty/Library/TinyTeX/texmf-dist/tex/latex/inconsolata/zi4.sty
`inconsolata-zi4' v1.12, 2019/05/17 Text macros for Inconsolata (msharpe)
(/Users/robmarty/Library/TinyTeX/texmf-dist/tex/latex/xkeyval/xkeyval.sty
(/Users/robmarty/Library/TinyTeX/texmf-dist/tex/generic/xkeyval/xkeyval.tex
(/Users/robmarty/Library/TinyTeX/texmf-dist/tex/generic/xkeyval/xkvutils.tex
(/Users/robmarty/Library/TinyTeX/texmf-dist/tex/generic/xkeyval/keyval.tex)))))
 (/Users/robmarty/Library/TinyTeX/texmf-dist/tex/latex/graphics/color.sty
(/Users/robmarty/Library/TinyTeX/texmf-dist/tex/latex/graphics-cfg/color.cfg)
(/Users/robmarty/Library/TinyTeX/texmf-dist/tex/latex/graphics-def/pdftex.def))
 (/Users/robmarty/Library/TinyTeX/texmf-dist/tex/latex/hyperref/hyperref.sty
(/Users/robmarty/Library/TinyTeX/texmf-dist/tex/generic/ltxcmds/ltxcmds.sty)
(/Users/robmarty/Library/TinyTeX/texmf-dist/tex/generic/pdftexcmds/pdftexcmds.s
ty
(/Users/robmarty/Library/TinyTeX/texmf-dist/tex/generic/infwarerr/infwarerr.sty
))
(/Users/robmarty/Library/TinyTeX/texmf-dist/tex/generic/kvsetkeys/kvsetkeys.sty
)
(/Users/robmarty/Library/TinyTeX/texmf-dist/tex/generic/kvdefinekeys/kvdefineke
ys.sty)
(/Users/robmarty/Library/TinyTeX/texmf-dist/tex/generic/pdfescape/pdfescape.sty
) (/Users/robmarty/Library/TinyTeX/texmf-dist/tex/latex/hycolor/hycolor.sty)
(/Users/robmarty/Library/TinyTeX/texmf-dist/tex/latex/letltxmacro/letltxmacro.s
ty) (/Users/robmarty/Library/TinyTeX/texmf-dist/tex/latex/auxhook/auxhook.sty)
(/Users/robmarty/Library/TinyTeX/texmf-dist/tex/latex/kvoptions/kvoptions.sty)
(/Users/robmarty/Library/TinyTeX/texmf-dist/tex/latex/hyperref/pd1enc.def)
(/Users/robmarty/Library/TinyTeX/texmf-dist/tex/latex/hyperref/hyperref-langpat
ches.def)
(/Users/robmarty/Library/TinyTeX/texmf-dist/tex/generic/intcalc/intcalc.sty)
(/Users/robmarty/Library/TinyTeX/texmf-dist/tex/generic/etexcmds/etexcmds.sty)
(/Users/robmarty/Library/TinyTeX/texmf-dist/tex/latex/hyperref/puenc.def)
(/Users/robmarty/Library/TinyTeX/texmf-dist/tex/generic/bitset/bitset.sty
(/Users/robmarty/Library/TinyTeX/texmf-dist/tex/generic/bigintcalc/bigintcalc.s
ty))
(/Users/robmarty/Library/TinyTeX/texmf-dist/tex/latex/base/atbegshi-ltx.sty))
(/Users/robmarty/Library/TinyTeX/texmf-dist/tex/latex/hyperref/hpdftex.def
(/Users/robmarty/Library/TinyTeX/texmf-dist/tex/latex/base/atveryend-ltx.sty)
(/Users/robmarty/Library/TinyTeX/texmf-dist/tex/latex/rerunfilecheck/rerunfilec
heck.sty
(/Users/robmarty/Library/TinyTeX/texmf-dist/tex/generic/uniquecounter/uniquecou
nter.sty)))

Package hyperref Warning: Option `hyperindex' has already been used,
(hyperref)                setting the option has no effect on input line 394.


Package hyperref Warning: Option `pagebackref' has already been used,
(hyperref)                setting the option has no effect on input line 394.

) (/Users/robmarty/Library/TinyTeX/texmf-dist/tex/latex/base/makeidx.sty)
(/Users/robmarty/Library/TinyTeX/texmf-dist/tex/latex/base/inputenc.sty)
Writing index file Rd2.idx

(/Users/robmarty/Library/TinyTeX/texmf-dist/tex/latex/l3backend/l3backend-pdfte
x.def)
(/private/var/folders/m1/8h14xfm56hd6qfgz6btm1rd80000gn/T/Rtmph7Tqom/Rd2pdf1210
4fdfdcea/Rd2.aux)
(/Users/robmarty/Library/TinyTeX/texmf-dist/tex/latex/hyperref/nameref.sty
(/Users/robmarty/Library/TinyTeX/texmf-dist/tex/latex/refcount/refcount.sty)
(/Users/robmarty/Library/TinyTeX/texmf-dist/tex/generic/gettitlestring/gettitle
string.sty))
(/private/var/folders/m1/8h14xfm56hd6qfgz6btm1rd80000gn/T/Rtmph7Tqom/Rd2pdf1210
4fdfdcea/Rd2.out)
(/private/var/folders/m1/8h14xfm56hd6qfgz6btm1rd80000gn/T/Rtmph7Tqom/Rd2pdf1210
4fdfdcea/Rd2.out)
(/Users/robmarty/Library/TinyTeX/texmf-dist/tex/latex/inconsolata/t1zi4.fd)
(/Users/robmarty/Library/TinyTeX/texmf-dist/tex/latex/amsfonts/umsa.fd)
(/Users/robmarty/Library/TinyTeX/texmf-dist/tex/latex/amsfonts/umsb.fd)
(/Users/robmarty/Library/TinyTeX/texmf-dist/tex/latex/base/t1cmss.fd)
(/private/var/folders/m1/8h14xfm56hd6qfgz6btm1rd80000gn/T/Rtmph7Tqom/Rd2pdf1210
4fdfdcea/Rd2.toc) [1{/Users/robmarty/Library/TinyTeX/texmf-var/fonts/map/pdftex
/updmap/pdftex.map}]
Overfull \hbox (10.83258pt too wide) in paragraph at lines 51--52
[]\T1/cmr/m/n/10 Vector of lat-i-tude and lon-gi-tude used to cre-ate PNG file 
us-ing [][][]\T1/zi4/m/n/10 gt_make_png()[][][] 
[2]
Overfull \hbox (21.83736pt too wide) in paragraph at lines 115--116
[]\T1/zi4/m/n/10 height []\T1/cmr/m/n/10 to man-u-ally spec-ify the height; oth
-er-wise, a height of []\T1/zi4/m/n/10 height_width_max

Overfull \hbox (12.94942pt too wide) in paragraph at lines 117--118
[]\T1/zi4/m/n/10 width []\T1/cmr/m/n/10 to man-u-ally spec-ify the width; oth-e
r-wise, a width of []\T1/zi4/m/n/10 height_width_max
[3] [4] [5]
(/Users/robmarty/Library/TinyTeX/texmf-dist/tex/latex/inconsolata/ts1zi4.fd)
[6] [7] [8]
(/private/var/folders/m1/8h14xfm56hd6qfgz6btm1rd80000gn/T/Rtmph7Tqom/Rd2pdf1210
4fdfdcea/Rd2.ind [9] [10])
(/private/var/folders/m1/8h14xfm56hd6qfgz6btm1rd80000gn/T/Rtmph7Tqom/Rd2pdf1210
4fdfdcea/Rd2.aux) )
(see the transcript file for additional information)pdfTeX warning (dest): name
{Rfn.raster::mosaic\(\)} has been referenced but does not exist, replaced by a 
fixed one

 </Users/robmarty/Library/TinyTeX/texmf-var/fonts/pk/ljfour/jknappen/ec/ecbx248
8.600pk>{/Users/robmarty/Library/TinyTeX/texmf-dist/fonts/enc/dvips/inconsolata
/i4-ts1.enc} </Users/robmarty/Library/TinyTeX/texmf-var/fonts/pk/ljfour/jknappe
n/ec/ecsl1000.600pk> </Users/robmarty/Library/TinyTeX/texmf-var/fonts/pk/ljfour
/jknappen/ec/ecti1000.600pk> </Users/robmarty/Library/TinyTeX/texmf-var/fonts/p
k/ljfour/jknappen/ec/ecbx1440.600pk> </Users/robmarty/Library/TinyTeX/texmf-var
/fonts/pk/ljfour/jknappen/ec/ecss1440.600pk>{/Users/robmarty/Library/TinyTeX/te
xmf-dist/fonts/enc/dvips/inconsolata/i4-t1-0.enc} </Users/robmarty/Library/Tiny
TeX/texmf-var/fonts/pk/ljfour/jknappen/ec/ecrm1000.600pk> </Users/robmarty/Libr
ary/TinyTeX/texmf-var/fonts/pk/ljfour/jknappen/ec/ecbx1000.600pk> </Users/robma
rty/Library/TinyTeX/texmf-var/fonts/pk/ljfour/jknappen/ec/ecrm1200.600pk> </Use
rs/robmarty/Library/TinyTeX/texmf-var/fonts/pk/ljfour/jknappen/ec/ecbx2074.600p
k></Users/robmarty/Library/TinyTeX/texmf-dist/fonts/type1/public/inconsolata/In
consolata-zi4r.pfb>
Output written on Rd2.pdf (10 pages, 101891 bytes).
Transcript written on Rd2.log.
Saving output to googletraffic-manual.pdf ...
Done
You may want to clean up by 'rm -Rf /var/folders/m1/8h14xfm56hd6qfgz6btm1rd80000gn/T//Rtmph7Tqom/Rd2pdf12104fdfdcea'
